SF:lib\src\autocomplete\autocompleter.dart
DA:15,60
DA:18,40
DA:20,20
DA:21,20
DA:22,20
DA:25,20
DA:26,40
DA:28,40
DA:33,20
DA:34,19
DA:35,17
DA:36,6
DA:37,16
DA:38,16
DA:40,0
DA:41,0
DA:46,20
DA:47,40
DA:48,120
DA:52,16
DA:53,32
DA:54,64
DA:58,6
DA:59,18
DA:62,16
DA:63,32
DA:67,0
DA:69,14
DA:70,28
DA:76,14
DA:78,2
DA:79,2
DA:83,42
DA:87,14
DA:88,14
DA:89,28
DA:92,14
DA:93,42
DA:96,14
DA:97,28
DA:98,28
DA:102,14
DA:103,14
DA:104,14
DA:108,56
DA:109,42
DA:110,14
DA:116,1
DA:117,2
DA:118,2
DA:121,5
DA:122,5
DA:123,10
DA:124,10
DA:125,10
DA:126,15
DA:127,10
DA:128,25
DA:130,5
LF:59
LH:56
end_of_record
SF:lib\src\analyzer\abstract.dart
DA:12,58
DA:17,0
LF:2
LH:1
end_of_record
SF:lib\src\analyzer\dartpad_analyzer.dart
DA:17,0
DA:19,0
DA:21,0
DA:22,0
DA:23,0
DA:24,0
DA:29,0
DA:30,0
DA:32,0
DA:37,0
DA:38,0
DA:39,0
DA:40,0
DA:45,0
DA:46,0
DA:47,0
DA:48,0
DA:49,0
DA:50,0
DA:52,0
DA:56,0
DA:58,0
DA:60,0
DA:62,0
LF:24
LH:0
end_of_record
SF:lib\src\analyzer\default_analyzer.dart
DA:7,58
DA:9,22
DA:11,66
DA:14,22
LF:4
LH:4
end_of_record
SF:lib\src\analyzer\models\analysis_result.dart
DA:6,139
LF:1
LH:1
end_of_record
SF:lib\src\analyzer\models\issue.dart
DA:12,5
DA:21,0
DA:22,0
LF:3
LH:1
end_of_record
SF:lib\src\code\code.dart
DA:48,28
DA:56,64
DA:58,28
DA:64,28
DA:65,28
DA:69,28
DA:72,28
DA:74,28
DA:76,28
DA:82,22
DA:84,22
DA:90,22
DA:91,22
DA:94,17
DA:95,17
DA:98,80
DA:100,28
DA:102,2
DA:104,28
DA:105,28
DA:111,28
DA:117,28
DA:121,28
DA:122,28
DA:126,28
DA:128,28
DA:130,28
DA:135,28
DA:139,28
DA:147,53
DA:148,28
DA:153,86
DA:184,1
DA:187,3
DA:188,3
DA:192,28
DA:197,33
DA:198,5
DA:204,7
DA:206,15
DA:207,15
DA:215,28
DA:220,56
DA:222,28
DA:225,165
DA:226,2
DA:228,4
DA:230,3
DA:237,3
DA:238,3
DA:239,2
DA:241,2
DA:243,2
DA:247,1
DA:248,4
DA:249,4
DA:250,4
DA:253,1
DA:254,2
DA:258,3
DA:266,28
DA:269,28
DA:270,28
DA:271,39
DA:272,13
DA:273,52
DA:274,13
DA:275,13
DA:282,0
DA:283,0
DA:287,0
DA:288,0
DA:290,0
DA:291,0
DA:292,0
DA:293,0
DA:299,14
DA:300,55
DA:301,56
DA:325,15
DA:329,15
DA:330,30
DA:332,8
DA:333,4
DA:337,45
DA:338,0
DA:339,0
DA:349,15
DA:357,30
DA:358,105
DA:373,30
DA:374,15
DA:379,45
DA:380,45
DA:384,15
DA:385,84
DA:386,8
DA:387,0
DA:388,0
DA:389,0
DA:391,0
DA:392,0
DA:397,45
DA:398,45
DA:399,30
DA:408,30
DA:409,90
DA:413,15
DA:414,45
DA:415,56
DA:418,15
DA:424,10
DA:425,10
DA:426,20
DA:431,10
DA:432,20
DA:437,10
DA:438,30
DA:443,4
DA:444,4
DA:445,8
DA:450,4
DA:451,12
DA:452,8
DA:456,10
DA:459,44
DA:460,50
DA:463,11
DA:464,55
DA:465,44
DA:468,33
DA:469,66
DA:470,4
DA:473,11
DA:474,33
DA:476,11
DA:477,11
DA:483,22
DA:484,22
DA:485,44
DA:486,22
DA:487,44
DA:488,22
DA:491,66
DA:492,22
DA:493,22
DA:494,10
DA:498,22
DA:499,22
DA:504,22
DA:508,22
DA:510,22
DA:511,22
DA:515,22
DA:516,22
DA:517,22
DA:519,22
DA:522,22
DA:523,22
DA:524,22
DA:525,22
DA:527,66
DA:528,44
DA:529,22
LF:164
LH:149
end_of_record
SF:lib\src\code\code_line.dart
DA:14,64
DA:21,1
DA:25,1
DA:27,32
DA:31,96
DA:32,32
DA:34,0
DA:36,0
DA:38,6
DA:43,6
DA:44,6
DA:45,6
DA:46,0
DA:47,0
DA:50,1
DA:52,1
DA:53,3
DA:54,3
DA:55,3
DA:58,0
DA:59,0
DA:60,0
DA:61,0
DA:62,0
DA:65,32
DA:67,61
DA:68,87
DA:69,23
LF:28
LH:19
end_of_record
SF:lib\src\code\string.dart
DA:25,9
DA:29,9
DA:34,9
DA:35,9
DA:36,1
DA:37,1
DA:41,9
DA:42,41
DA:44,18
DA:45,18
DA:47,36
DA:48,7
DA:49,7
DA:52,14
DA:53,36
DA:54,8
DA:57,18
DA:60,1
DA:61,3
DA:63,2
DA:64,2
DA:66,4
DA:67,1
DA:70,6
DA:71,4
DA:72,1
DA:73,1
DA:76,2
DA:79,16
DA:80,32
DA:83,18
LF:31
LH:31
end_of_record
SF:lib\src\code\text_range.dart
DA:4,14
DA:5,14
DA:8,88
DA:12,27
DA:14,38
DA:15,0
DA:21,5
DA:22,10
DA:26,10
DA:27,4
LF:10
LH:9
end_of_record
SF:lib\src\code_field\code_controller.dart
DA:41,44
DA:43,1
DA:44,1
DA:51,2
DA:53,19
DA:54,38
DA:58,1
DA:59,2
DA:95,0
DA:103,36
DA:106,44
DA:108,22
DA:109,44
DA:110,11
DA:111,22
DA:123,22
DA:124,11
DA:125,11
DA:126,11
DA:127,11
DA:128,11
DA:129,11
DA:130,11
DA:131,11
DA:132,11
DA:135,22
DA:154,66
DA:155,22
DA:156,22
DA:157,44
DA:158,22
DA:160,44
DA:161,44
DA:162,66
DA:165,66
DA:168,44
DA:169,66
DA:173,22
DA:174,22
DA:175,0
DA:176,0
DA:179,66
DA:181,44
DA:184,22
DA:185,44
DA:186,22
DA:187,44
DA:190,44
DA:194,3
DA:195,3
DA:198,22
DA:199,38
DA:201,88
DA:207,36
DA:208,2
DA:212,22
DA:213,22
DA:214,44
DA:216,88
DA:222,17
DA:223,34
DA:224,17
DA:227,22
DA:231,44
DA:236,57
DA:237,57
DA:240,19
DA:241,38
DA:242,57
DA:243,19
DA:244,19
DA:248,0
DA:249,0
DA:253,1
DA:254,1
DA:255,7
DA:256,1
DA:258,2
DA:259,2
DA:260,2
DA:265,0
DA:266,0
DA:270,0
DA:271,0
DA:273,0
DA:274,0
DA:275,0
DA:280,0
DA:281,0
DA:282,0
DA:284,0
DA:285,0
DA:286,0
DA:291,0
DA:292,0
DA:293,0
DA:295,0
DA:299,8
DA:300,16
DA:301,8
DA:307,8
DA:308,24
DA:309,1
DA:313,16
DA:314,2
DA:315,0
DA:318,2
DA:319,0
DA:327,0
DA:328,0
DA:329,0
DA:334,0
DA:336,0
DA:337,0
DA:338,0
DA:340,0
DA:341,0
DA:342,0
DA:347,0
DA:351,0
DA:352,0
DA:353,0
DA:354,0
DA:357,0
DA:359,0
DA:363,0
DA:364,0
DA:365,0
DA:368,0
DA:374,0
DA:377,9
DA:379,22
DA:380,44
DA:381,88
DA:384,15
DA:385,15
DA:387,111
DA:391,7
DA:394,19
DA:396,76
DA:397,76
DA:404,45
DA:407,14
DA:408,14
DA:409,20
DA:413,5
DA:414,5
DA:415,5
DA:420,15
DA:421,45
DA:424,15
DA:431,52
DA:432,26
DA:434,52
DA:435,24
DA:437,12
DA:440,1
DA:441,2
DA:442,3
DA:452,36
DA:453,18
DA:454,18
DA:458,18
DA:461,52
DA:462,39
DA:463,26
DA:465,30
DA:469,1
DA:470,4
DA:472,4
DA:473,3
DA:475,2
DA:476,2
DA:481,1
DA:482,2
DA:483,8
DA:487,2
DA:488,1
DA:492,2
DA:493,0
DA:496,1
DA:497,2
DA:498,2
DA:500,1
DA:504,2
DA:505,4
DA:506,2
DA:507,6
DA:508,16
DA:512,4
DA:513,3
DA:514,2
DA:517,3
DA:518,4
DA:519,3
DA:520,4
DA:524,3
DA:525,1
DA:528,1
DA:548,2
DA:549,2
DA:550,2
DA:552,1
DA:556,2
DA:557,4
DA:558,10
DA:559,2
DA:560,1
DA:569,2
DA:570,16
DA:574,2
DA:576,7
DA:577,12
DA:586,2
DA:587,7
DA:592,2
DA:593,1
DA:597,1
DA:600,1
DA:605,1
DA:606,2
DA:607,1
DA:612,5
DA:615,3
DA:616,2
DA:620,2
DA:621,1
DA:642,4
DA:645,4
DA:649,24
DA:653,3
DA:656,3
DA:657,12
DA:659,15
DA:662,18
DA:663,3
DA:666,3
DA:668,21
DA:669,24
DA:672,9
DA:678,3
DA:680,3
DA:682,6
DA:685,9
DA:689,6
DA:690,3
DA:695,6
DA:696,6
DA:701,4
DA:702,12
DA:703,8
DA:706,12
DA:708,24
DA:712,12
DA:713,12
DA:715,4
DA:717,4
DA:721,44
DA:723,15
DA:724,15
DA:728,56
DA:729,42
DA:736,22
DA:737,66
DA:738,13
DA:742,22
DA:743,22
DA:744,66
DA:747,22
DA:748,22
DA:750,22
DA:751,66
DA:752,22
DA:753,22
DA:754,22
DA:758,22
DA:759,44
DA:760,88
DA:765,13
DA:766,26
DA:768,26
DA:773,12
DA:775,4
DA:776,6
DA:778,8
DA:782,10
DA:783,20
DA:784,20
DA:786,10
DA:789,4
DA:790,8
DA:791,8
DA:793,4
DA:796,2
DA:798,1
DA:799,1
DA:800,3
DA:802,1
DA:805,0
DA:807,22
DA:808,22
DA:809,66
DA:811,66
DA:815,22
DA:816,22
DA:817,22
DA:818,44
DA:819,110
DA:824,4
DA:825,12
DA:827,12
DA:831,4
DA:834,5
DA:836,15
DA:837,5
DA:838,10
DA:847,1
DA:848,6
DA:849,6
DA:851,3
DA:852,2
DA:853,1
DA:854,2
DA:861,2
DA:864,11
DA:870,11
DA:876,44
DA:879,22
DA:883,22
DA:884,11
DA:886,11
DA:889,11
DA:894,11
DA:895,11
DA:896,11
DA:897,11
DA:899,11
DA:902,0
DA:905,11
DA:906,22
DA:909,2
DA:910,2
DA:911,2
DA:914,2
DA:915,4
DA:916,4
DA:920,2
DA:921,4
DA:924,4
DA:925,8
DA:928,11
DA:930,18
DA:931,22
DA:932,22
DA:934,11
LF:355
LH:306
end_of_record
SF:lib\src\code_field\code_field.dart
DA:22,33
DA:24,11
DA:32,11
DA:38,11
DA:46,11
DA:52,11
DA:62,11
DA:67,11
DA:74,11
DA:79,11
DA:85,11
DA:95,11
DA:105,11
DA:110,11
DA:168,11
DA:191,11
DA:195,11
DA:197,11
DA:198,11
DA:226,11
DA:228,11
DA:229,22
DA:230,33
DA:231,33
DA:233,44
DA:234,44
DA:235,55
DA:236,44
DA:237,11
DA:239,22
DA:240,33
DA:241,44
DA:243,55
DA:247,11
DA:249,33
DA:250,44
DA:251,44
DA:252,22
DA:254,11
DA:257,8
DA:258,24
DA:261,11
DA:263,44
DA:264,44
DA:265,44
DA:266,55
DA:267,13
DA:268,44
DA:269,11
DA:271,14
DA:272,11
DA:273,22
DA:274,22
DA:275,22
DA:276,11
DA:279,1
DA:281,1
DA:282,3
DA:283,3
DA:284,4
DA:285,3
DA:286,1
DA:289,5
DA:290,4
DA:291,4
DA:292,5
DA:293,4
DA:294,1
DA:298,11
DA:299,22
DA:300,33
DA:303,22
DA:305,22
DA:306,22
DA:307,22
DA:313,11
DA:315,44
DA:316,11
DA:318,33
DA:319,33
DA:323,11
DA:324,66
DA:325,54
DA:328,33
DA:329,33
DA:330,22
DA:331,11
DA:332,11
DA:333,44
DA:334,11
DA:338,11
DA:342,11
DA:347,11
DA:348,11
DA:351,11
DA:352,11
DA:353,11
DA:357,11
DA:359,22
DA:362,22
DA:367,11
DA:368,11
DA:369,33
DA:372,11
DA:377,11
DA:382,11
DA:383,11
DA:384,33
DA:385,0
DA:386,11
DA:388,22
DA:389,0
DA:392,11
DA:393,11
DA:394,33
DA:397,44
DA:399,11
DA:400,11
DA:401,22
DA:402,11
DA:403,22
DA:404,22
DA:405,22
DA:406,22
DA:407,11
DA:415,33
DA:418,22
DA:419,22
DA:420,22
DA:423,11
DA:424,22
DA:425,22
DA:427,11
DA:428,11
DA:430,33
DA:435,11
DA:436,33
DA:437,11
DA:438,11
DA:439,22
DA:440,11
DA:441,11
DA:443,11
DA:445,11
DA:446,44
DA:447,22
DA:454,11
DA:455,22
DA:457,66
DA:460,55
DA:462,22
DA:466,33
DA:468,33
DA:469,22
DA:470,22
DA:472,11
DA:477,11
DA:478,22
DA:483,11
DA:484,44
DA:485,11
DA:487,11
DA:488,11
DA:489,11
DA:490,22
DA:492,22
DA:493,22
DA:494,22
DA:498,11
DA:499,11
DA:501,22
DA:502,11
DA:505,11
DA:506,11
DA:507,44
DA:512,11
DA:513,11
DA:514,44
DA:517,66
DA:520,11
DA:521,10
DA:522,33
DA:523,44
DA:524,33
DA:525,22
DA:530,11
DA:531,10
DA:532,33
DA:533,11
DA:534,11
DA:535,44
DA:536,33
DA:537,22
DA:542,11
DA:544,47
DA:546,13
DA:547,11
DA:551,3
DA:552,6
DA:553,12
DA:556,6
DA:559,4
DA:560,16
DA:563,4
DA:564,2
DA:568,4
DA:569,8
DA:570,16
DA:574,4
DA:575,12
DA:576,4
DA:577,4
DA:578,4
DA:579,4
DA:582,4
DA:584,4
DA:585,4
DA:592,4
DA:593,4
DA:594,12
DA:603,4
DA:604,12
DA:606,8
DA:607,0
DA:608,0
DA:609,0
DA:610,0
DA:611,0
DA:612,0
DA:613,0
DA:614,0
DA:615,0
DA:616,0
DA:617,0
DA:618,0
DA:619,0
DA:620,0
DA:623,3
DA:624,3
DA:625,1
DA:626,1
DA:627,1
DA:628,1
DA:629,3
DA:630,1
DA:631,1
DA:632,1
DA:633,1
DA:634,1
LF:249
LH:233
end_of_record
SF:lib\src\code_field\editor_params.dart
DA:4,59
LF:1
LH:1
end_of_record
SF:lib\src\code_field\js_workarounds\js_workarounds.dart
DA:4,11
DA:5,11
DA:8,0
DA:9,0
LF:4
LH:2
end_of_record
SF:lib\src\code_field\text_editing_value.dart
DA:13,1
DA:14,1
DA:19,1
DA:20,1
DA:22,1
DA:27,14
DA:28,14
DA:33,10
DA:34,10
DA:36,26
DA:39,14
DA:40,28
DA:44,42
DA:45,14
DA:49,10
DA:50,10
DA:51,36
DA:53,20
DA:54,26
DA:56,10
DA:61,14
DA:62,14
DA:67,30
DA:68,10
DA:70,10
DA:71,10
DA:75,1
DA:76,2
DA:79,4
DA:80,8
DA:84,4
DA:85,4
DA:89,4
DA:91,8
DA:95,16
DA:96,32
DA:97,32
DA:98,32
DA:100,32
DA:102,16
DA:104,16
DA:109,16
DA:113,16
DA:118,108
DA:122,11
DA:123,22
DA:125,22
DA:130,23
DA:133,18
DA:134,132
DA:137,60
DA:140,16
DA:141,108
DA:144,22
DA:145,22
DA:146,22
DA:151,18
DA:152,132
DA:153,12
DA:155,60
DA:158,1
DA:159,4
DA:161,3
DA:162,4
DA:166,1
DA:167,1
DA:168,1
DA:171,2
DA:172,2
DA:176,2
DA:178,0
DA:181,1
DA:182,1
DA:183,1
DA:185,1
DA:187,1
DA:197,16
DA:198,16
DA:199,16
DA:200,4
DA:201,20
DA:204,16
DA:205,16
DA:206,18
DA:208,16
DA:209,15
DA:210,13
DA:211,26
DA:212,65
DA:215,5
DA:216,5
DA:221,16
DA:222,48
DA:226,16
DA:227,16
DA:228,48
DA:230,48
DA:231,27
DA:235,10
DA:236,8
DA:237,12
DA:238,32
DA:245,60
DA:246,26
DA:250,15
LF:105
LH:104
end_of_record
SF:lib\src\code_modifiers\close_block_code_modifier.dart
DA:9,58
DA:11,0
DA:19,0
DA:20,0
DA:24,0
DA:29,0
DA:32,0
DA:33,0
LF:8
LH:1
end_of_record
SF:lib\src\code_modifiers\code_modifier.dart
DA:8,59
DA:11,5
DA:12,5
DA:13,5
DA:14,5
DA:15,5
DA:16,5
DA:17,5
LF:8
LH:8
end_of_record
SF:lib\src\code_modifiers\indent_code_modifier.dart
DA:11,58
DA:13,0
DA:15,5
DA:24,26
DA:25,10
DA:29,6
DA:30,2
DA:32,3
DA:37,10
DA:38,2
DA:41,10
DA:42,15
LF:12
LH:11
end_of_record
SF:lib\src\code_modifiers\tab_code_modifier.dart
DA:9,59
DA:11,0
LF:2
LH:1
end_of_record
SF:lib\src\code_theme\code_theme.dart
DA:6,0
DA:14,11
DA:15,11
DA:16,0
DA:19,0
DA:21,0
LF:6
LH:2
end_of_record
SF:lib\src\code_theme\code_theme_data.dart
DA:7,12
DA:17,12
DA:19,2
DA:23,2
DA:27,2
DA:31,2
DA:35,2
DA:39,0
DA:43,2
DA:47,0
DA:51,0
DA:52,0
DA:54,0
DA:57,0
LF:14
LH:8
end_of_record
SF:lib\src\folding\foldable_block.dart
DA:13,2
DA:14,2
DA:16,2
DA:17,2
DA:19,30
DA:25,17
DA:26,17
DA:27,17
DA:28,17
DA:29,17
DA:32,1
DA:33,6
DA:36,30
DA:38,4
DA:40,4
DA:41,4
DA:42,2
DA:49,5
DA:51,5
DA:52,5
DA:59,19
DA:60,66
DA:63,6
DA:64,6
DA:65,17
DA:66,17
DA:67,6
DA:71,6
DA:72,6
DA:73,12
DA:74,12
DA:75,6
DA:79,6
DA:80,12
DA:84,12
DA:93,27
DA:94,107
DA:100,28
DA:101,56
DA:107,21
DA:108,21
DA:110,63
DA:114,21
DA:117,21
DA:118,21
DA:120,42
DA:125,42
DA:126,21
DA:127,21
DA:128,21
DA:130,63
DA:133,15
DA:134,15
DA:135,15
DA:139,19
DA:141,57
DA:142,57
DA:145,6
DA:147,12
DA:148,6
DA:150,6
DA:151,6
DA:152,6
DA:153,6
DA:164,6
DA:165,6
LF:66
LH:66
end_of_record
SF:lib\src\folding\invalid_foldable_block.dart
DA:16,5
DA:21,5
DA:24,5
DA:30,3
DA:31,3
DA:32,3
DA:33,3
DA:34,3
DA:39,27
DA:40,27
DA:41,2
DA:42,10
LF:12
LH:12
end_of_record
SF:lib\src\folding\parsers\highlight.dart
DA:14,26
DA:20,26
DA:21,52
DA:24,26
DA:25,26
DA:28,26
DA:29,52
DA:30,26
DA:34,26
DA:35,26
DA:36,26
DA:37,19
DA:40,26
DA:41,19
DA:44,26
DA:45,6
DA:49,26
DA:53,19
DA:54,19
DA:56,34
DA:60,14
DA:64,12
DA:65,11
DA:69,12
DA:71,12
DA:72,6
DA:73,6
DA:74,6
DA:77,12
DA:80,19
DA:81,38
DA:86,19
DA:89,19
DA:90,9
DA:92,17
DA:93,0
DA:95,17
DA:96,17
DA:101,6
DA:102,6
DA:104,6
DA:105,6
DA:106,1
DA:107,1
DA:108,1
DA:111,6
DA:114,26
DA:115,26
DA:117,26
DA:118,34
DA:123,26
DA:124,26
DA:129,50
DA:131,24
DA:132,24
DA:133,24
DA:134,24
DA:137,24
DA:141,24
DA:142,22
DA:143,22
DA:144,22
DA:147,24
DA:148,36
DA:151,24
DA:152,36
DA:155,24
DA:156,8
DA:159,24
DA:160,8
DA:163,24
DA:164,38
DA:167,24
DA:168,38
LF:74
LH:73
end_of_record
SF:lib\src\line_numbers\gutter_style.dart
DA:39,22
DA:41,127
DA:63,11
DA:67,11
DA:68,11
DA:69,11
DA:70,0
DA:72,11
DA:73,11
DA:74,11
DA:75,11
DA:76,11
LF:12
LH:11
end_of_record
SF:lib\src\named_sections\named_section.dart
DA:15,1
DA:16,1
DA:18,1
DA:19,1
DA:21,18
DA:27,1
DA:28,1
DA:29,1
DA:30,1
DA:31,1
DA:34,0
DA:35,0
LF:12
LH:10
end_of_record
SF:lib\src\named_sections\parsers\abstract.dart
DA:16,25
DA:18,18
DA:21,18
DA:25,54
DA:26,46
DA:33,13
DA:34,13
DA:35,26
DA:36,24
LF:9
LH:9
end_of_record
SF:lib\src\named_sections\parsers\brackets_start_end.dart
DA:26,25
DA:28,51
DA:29,51
DA:31,22
DA:35,22
DA:36,22
DA:38,39
DA:39,68
DA:40,17
DA:41,17
DA:42,17
DA:43,17
DA:44,2
DA:47,67
DA:48,16
DA:49,62
DA:53,22
DA:56,22
DA:60,22
DA:62,38
DA:63,16
DA:64,16
DA:66,16
DA:67,16
DA:68,16
DA:74,16
DA:77,39
DA:78,17
DA:79,17
DA:81,17
DA:82,17
DA:84,17
LF:32
LH:32
end_of_record
SF:lib\src\code\reg_exp.dart
DA:2,45
LF:1
LH:1
end_of_record
SF:lib\src\highlight\result.dart
DA:6,0
DA:12,0
DA:13,0
DA:14,0
DA:16,0
DA:17,0
DA:19,0
DA:20,0
DA:25,0
DA:26,0
DA:30,0
DA:36,0
DA:37,0
DA:39,0
DA:40,0
DA:44,26
DA:45,26
DA:46,52
DA:50,26
DA:57,26
DA:58,26
DA:59,0
DA:60,26
DA:61,26
DA:62,26
LF:25
LH:9
end_of_record
SF:lib\src\folding\foldable_block_matcher.dart
DA:18,22
DA:26,22
DA:30,14
DA:31,21
DA:32,7
DA:40,42
DA:41,49
DA:44,6
DA:45,6
DA:46,6
DA:50,35
DA:52,14
DA:53,14
DA:56,5
DA:64,3
DA:74,7
DA:75,14
DA:76,7
DA:78,14
DA:83,20
DA:88,5
DA:89,5
DA:91,10
DA:92,15
DA:93,35
DA:96,5
DA:97,5
DA:100,10
DA:101,10
DA:102,5
DA:103,15
DA:110,15
LF:32
LH:32
end_of_record
SF:lib\src\folding\parsers\parser_factory.dart
DA:11,22
DA:12,44
DA:13,3
DA:15,44
DA:16,21
DA:18,4
LF:6
LH:6
end_of_record
SF:lib\src\hidden_ranges\hidden_line_ranges.dart
DA:12,29
DA:16,29
DA:17,29
DA:22,41
DA:23,12
DA:25,12
DA:26,12
DA:27,12
DA:28,12
DA:29,12
DA:32,12
DA:35,29
DA:36,29
DA:37,29
DA:38,29
DA:39,29
DA:42,29
DA:46,29
DA:50,87
DA:65,12
DA:66,24
DA:69,13
DA:70,26
DA:73,26
DA:75,1
DA:76,1
DA:77,1
LF:27
LH:27
end_of_record
SF:lib\src\hidden_ranges\hidden_line_ranges_builder.dart
DA:9,29
DA:13,29
DA:16,47
DA:17,18
DA:18,36
DA:19,18
DA:21,18
DA:46,11
DA:48,11
DA:49,11
DA:50,11
DA:51,33
DA:56,11
DA:59,29
DA:60,29
DA:62,58
DA:67,29
LF:17
LH:17
end_of_record
SF:lib\src\hidden_ranges\hidden_range.dart
DA:12,27
DA:18,39
DA:19,39
DA:21,38
DA:22,0
DA:24,19
DA:26,92
DA:29,17
DA:30,68
DA:31,17
DA:32,17
DA:33,7
DA:37,0
DA:40,2
DA:41,2
DA:42,2
DA:43,2
DA:44,2
DA:45,2
DA:46,2
LF:20
LH:18
end_of_record
SF:lib\src\hidden_ranges\hidden_ranges.dart
DA:22,34
DA:26,34
DA:29,34
DA:33,58
DA:45,34
DA:46,102
DA:47,88
DA:55,34
DA:57,102
DA:59,91
DA:60,92
DA:61,23
DA:70,29
DA:71,76
DA:75,36
DA:76,18
DA:79,18
DA:88,72
DA:89,36
DA:91,72
DA:92,18
DA:93,54
DA:95,18
DA:96,18
DA:100,18
DA:101,54
DA:104,18
DA:110,18
DA:113,69
DA:114,72
DA:123,29
DA:130,26
DA:135,26
DA:136,52
DA:140,26
DA:141,52
DA:143,62
DA:145,26
DA:146,26
DA:149,26
DA:154,78
DA:157,26
DA:158,26
DA:160,26
DA:161,26
DA:169,25
DA:170,102
DA:174,32
DA:175,18
DA:179,15
DA:182,5
DA:184,12
DA:185,12
DA:187,4
DA:188,8
DA:189,8
DA:190,4
DA:191,4
DA:193,4
DA:194,6
DA:196,4
DA:197,0
DA:200,8
DA:202,4
DA:203,4
DA:204,8
DA:205,4
DA:206,4
DA:208,2
DA:209,2
DA:215,10
DA:216,5
DA:217,5
DA:218,8
DA:219,5
DA:220,12
DA:223,8
DA:232,25
DA:233,106
DA:237,84
DA:238,33
DA:242,27
DA:245,9
DA:248,63
DA:250,63
DA:252,9
DA:253,18
DA:254,18
DA:255,9
DA:256,9
DA:257,18
DA:260,45
DA:262,18
DA:263,9
DA:265,8
DA:267,8
DA:268,56
DA:269,0
DA:271,24
DA:272,1
DA:274,4
DA:275,8
DA:276,0
DA:278,3
DA:281,7
DA:282,7
DA:283,14
DA:285,35
DA:286,7
DA:287,18
DA:291,3
DA:292,3
DA:293,6
DA:295,15
DA:296,3
DA:297,8
DA:305,5
DA:306,15
DA:307,1
DA:308,3
DA:314,23
DA:315,23
DA:316,46
DA:317,23
DA:323,9
DA:324,18
DA:325,18
DA:331,23
DA:332,23
DA:333,23
DA:334,23
DA:338,23
DA:344,4
DA:345,4
DA:346,4
DA:349,4
DA:350,4
DA:356,12
DA:357,12
DA:358,12
DA:359,12
DA:360,8
DA:361,8
DA:362,8
DA:365,12
DA:369,0
DA:370,0
DA:371,0
DA:372,0
DA:375,1
DA:377,1
DA:378,3
DA:379,3
LF:153
LH:146
end_of_record
SF:lib\src\hidden_ranges\hidden_ranges_builder.dart
DA:33,58
DA:38,29
DA:41,29
DA:42,145
DA:46,29
DA:47,58
DA:49,75
DA:50,17
DA:51,34
DA:53,51
DA:54,21
DA:56,21
DA:57,7
DA:59,7
DA:60,25
DA:61,7
DA:64,7
DA:65,7
DA:72,11
DA:73,11
DA:75,22
DA:76,21
DA:79,33
DA:81,11
DA:83,22
DA:87,5
DA:88,5
DA:90,14
DA:92,5
DA:94,10
DA:102,22
DA:105,22
DA:107,22
DA:109,22
DA:111,44
DA:117,23
DA:118,23
DA:120,69
DA:121,92
LF:39
LH:39
end_of_record
SF:lib\src\service_comment_filter\service_comment_filter.dart
DA:5,32
DA:9,51
DA:10,19
DA:16,19
DA:20,19
DA:25,16
DA:26,16
DA:28,16
LF:8
LH:8
end_of_record
SF:lib\src\single_line_comments\parser\single_line_comment_parser.dart
DA:8,34
DA:13,31
DA:14,31
DA:21,7
LF:4
LH:4
end_of_record
SF:lib\src\single_line_comments\parser\single_line_comments.dart
DA:10,0
DA:12,105
DA:13,70
DA:14,70
DA:15,70
DA:16,70
DA:17,70
DA:18,70
LF:8
LH:7
end_of_record
SF:lib\src\single_line_comments\single_line_comment.dart
DA:24,40
DA:26,24
DA:36,23
DA:42,23
DA:44,23
DA:53,0
DA:54,0
DA:55,0
DA:56,0
DA:57,0
DA:58,0
DA:61,2
DA:63,2
DA:64,6
DA:65,6
DA:66,6
DA:67,6
DA:70,0
DA:71,0
DA:73,20
DA:74,60
DA:75,20
DA:78,23
DA:82,46
DA:83,23
DA:84,46
DA:88,0
DA:93,120
LF:28
LH:19
end_of_record
SF:lib\src\code\code_edit_result.dart
DA:8,16
DA:13,0
DA:15,0
DA:17,0
DA:18,0
DA:20,0
DA:23,0
DA:24,0
DA:25,0
DA:26,0
DA:29,1
DA:31,1
DA:32,3
DA:33,3
LF:14
LH:5
end_of_record
SF:lib\src\code\code_lines.dart
DA:14,90
DA:24,42
DA:26,57
DA:34,25
DA:36,75
DA:39,100
DA:40,100
DA:42,25
DA:47,25
DA:48,50
DA:49,50
DA:50,25
DA:51,25
DA:53,50
DA:55,75
DA:57,18
DA:61,75
DA:63,18
DA:67,75
DA:68,56
DA:70,9
DA:78,1
DA:79,1
DA:80,1
LF:24
LH:24
end_of_record
SF:lib\src\code\code_lines_builder.dart
DA:7,32
DA:11,32
DA:12,32
DA:15,96
DA:16,32
DA:17,32
DA:18,32
DA:19,96
DA:20,32
DA:21,58
DA:24,32
DA:25,32
DA:28,64
DA:31,32
DA:34,32
DA:35,32
DA:36,32
DA:37,96
DA:38,32
DA:39,96
DA:40,26
DA:41,32
DA:46,32
LF:23
LH:23
end_of_record
SF:lib\src\code\map.dart
DA:2,28
DA:3,28
DA:4,29
DA:5,1
DA:7,1
LF:5
LH:5
end_of_record
SF:lib\src\code\iterable.dart
DA:2,12
LF:1
LH:1
end_of_record
SF:lib\src\code\key_event.dart
DA:4,8
DA:5,16
DA:6,2
DA:11,1
DA:12,1
DA:13,1
DA:14,0
LF:7
LH:6
end_of_record
SF:lib\src\code\text_style.dart
DA:4,0
DA:5,0
DA:6,0
DA:9,0
DA:10,0
DA:13,2
DA:14,2
DA:20,2
DA:21,2
DA:22,4
DA:23,2
DA:24,2
DA:25,2
LF:13
LH:8
end_of_record
SF:lib\src\code_field\actions\comment_uncomment.dart
DA:6,58
DA:12,11
DA:16,0
DA:18,0
LF:4
LH:2
end_of_record
SF:lib\src\code_field\actions\copy.dart
DA:10,11
DA:14,1
DA:16,4
DA:17,3
DA:20,1
DA:21,5
DA:24,1
DA:25,5
LF:8
LH:8
end_of_record
SF:lib\src\code_field\actions\dismiss.dart
DA:8,11
DA:12,1
DA:14,2
LF:3
LH:3
end_of_record
SF:lib\src\code_field\actions\enter_key.dart
DA:6,58
DA:11,11
DA:15,0
DA:17,0
LF:4
LH:2
end_of_record
SF:lib\src\code_field\actions\indent.dart
DA:6,58
DA:12,11
DA:16,0
DA:18,0
LF:4
LH:2
end_of_record
SF:lib\src\code_field\actions\outdent.dart
DA:6,58
DA:12,11
DA:16,0
DA:18,0
LF:4
LH:2
end_of_record
SF:lib\src\code_field\actions\redo.dart
DA:8,11
DA:12,1
DA:14,3
LF:3
LH:3
end_of_record
SF:lib\src\code_field\actions\search.dart
DA:6,58
DA:12,11
DA:16,0
DA:18,0
LF:4
LH:2
end_of_record
SF:lib\src\code_field\actions\undo.dart
DA:8,11
DA:12,1
DA:14,3
LF:3
LH:3
end_of_record
SF:lib\src\history\code_history_controller.dart
DA:42,18
DA:44,18
DA:45,36
DA:46,18
DA:49,18
DA:55,13
DA:58,30
DA:59,18
DA:62,18
DA:69,18
DA:70,16
DA:71,16
DA:72,16
DA:73,16
DA:76,13
DA:77,13
DA:78,13
DA:79,13
DA:82,4
DA:83,4
DA:84,4
DA:85,4
DA:90,18
DA:96,108
DA:101,30
DA:106,91
DA:108,12
DA:117,18
DA:118,36
DA:119,18
DA:120,18
DA:123,18
DA:125,108
DA:126,36
DA:127,36
DA:133,30
DA:134,30
DA:135,30
DA:137,12
DA:138,20
DA:139,8
DA:144,18
DA:145,54
DA:149,55
DA:150,55
DA:151,51
DA:152,30
DA:153,12
DA:157,18
DA:158,18
DA:160,54
DA:161,108
DA:169,18
DA:170,72
DA:173,1
DA:174,1
DA:175,1
DA:178,2
DA:182,5
DA:185,1
DA:186,5
DA:190,5
DA:193,1
DA:194,2
DA:195,2
DA:197,2
DA:200,18
DA:201,20
DA:202,36
DA:203,18
DA:205,18
DA:206,18
DA:209,4
DA:210,5
DA:211,12
DA:214,18
DA:215,18
DA:216,18
DA:217,18
DA:221,18
DA:222,36
DA:223,72
DA:226,1
DA:227,2
DA:228,1
DA:229,1
DA:232,11
DA:233,14
LF:88
LH:88
end_of_record
SF:lib\src\history\code_history_record.dart
DA:10,18
DA:15,1
DA:16,1
DA:17,1
DA:18,1
LF:5
LH:5
end_of_record
SF:lib\src\search\controller.dart
DA:25,8
DA:32,0
DA:34,11
DA:35,22
DA:36,33
DA:37,11
DA:38,33
DA:41,66
DA:46,22
DA:49,22
DA:50,66
DA:53,4
DA:54,8
DA:55,4
DA:59,4
DA:60,8
DA:62,4
DA:65,4
DA:66,4
DA:69,2
DA:73,4
DA:74,4
DA:76,2
DA:77,4
DA:80,2
DA:84,2
DA:85,2
DA:92,22
DA:93,22
DA:97,8
DA:101,3
DA:102,6
DA:107,4
DA:109,4
DA:110,1
DA:113,4
DA:114,3
DA:117,3
DA:120,0
DA:121,0
DA:125,0
DA:126,0
DA:127,0
DA:131,0
DA:132,0
DA:139,0
DA:140,0
DA:141,0
DA:142,0
DA:143,0
DA:147,11
DA:148,22
DA:157,1
DA:158,2
DA:159,1
DA:163,3
DA:164,3
DA:167,0
DA:171,11
DA:173,11
DA:174,11
DA:175,11
DA:176,22
DA:177,22
DA:178,15
DA:179,22
DA:180,11
LF:67
LH:53
end_of_record
SF:lib\src\search\result.dart
DA:6,80
DA:14,7
DA:15,7
DA:16,7
LF:4
LH:4
end_of_record
SF:lib\src\search\search_navigation_controller.dart
DA:35,22
DA:38,22
DA:39,66
DA:40,88
DA:43,1
DA:44,1
DA:47,1
DA:48,2
DA:51,1
DA:52,2
DA:53,1
DA:54,3
DA:58,2
DA:59,0
DA:60,0
DA:62,3
DA:63,4
DA:66,1
DA:69,22
DA:70,132
DA:71,88
DA:73,88
DA:77,9
DA:79,6
DA:80,3
DA:83,3
DA:84,3
DA:85,4
DA:86,8
DA:90,9
DA:94,3
DA:96,6
DA:98,9
DA:102,3
DA:103,9
DA:107,9
DA:108,12
DA:113,9
DA:114,9
DA:117,6
DA:118,4
DA:124,3
DA:125,6
DA:129,15
DA:131,3
DA:133,9
DA:136,3
DA:137,12
DA:138,3
DA:140,12
DA:141,3
DA:144,3
DA:150,12
DA:151,2
DA:154,4
DA:155,3
DA:159,3
DA:160,12
DA:161,3
DA:162,3
DA:163,3
DA:168,11
DA:170,33
DA:171,11
LF:64
LH:62
end_of_record
SF:lib\src\search\settings_controller.dart
DA:11,44
DA:12,66
DA:17,1
DA:18,5
DA:21,1
DA:22,5
DA:25,4
DA:26,20
DA:29,11
DA:31,22
DA:32,11
LF:11
LH:11
end_of_record
SF:lib\src\wip\autocomplete\popup_controller.dart
DA:17,44
DA:19,0
DA:20,0
DA:21,0
DA:24,2
DA:26,3
DA:27,6
DA:31,3
DA:32,3
DA:33,3
DA:34,9
DA:35,6
DA:36,2
DA:39,3
DA:42,18
DA:43,18
DA:44,18
DA:48,0
DA:49,0
DA:50,0
DA:51,0
DA:52,0
DA:54,0
DA:56,0
DA:57,0
DA:58,0
DA:59,0
DA:62,0
DA:63,0
DA:66,0
DA:69,0
DA:70,0
DA:71,0
DA:73,0
DA:76,0
DA:79,0
LF:36
LH:14
end_of_record
SF:lib\src\code_field\search_result_highlighted_builder.dart
DA:21,12
DA:27,36
DA:31,4
DA:32,2
DA:34,12
DA:37,12
DA:38,20
DA:39,4
DA:57,12
DA:60,20
DA:71,4
DA:72,12
DA:77,4
DA:78,8
DA:79,4
DA:82,0
DA:83,0
DA:89,4
DA:90,11
DA:92,12
DA:93,36
DA:94,12
DA:97,12
DA:98,4
DA:99,4
DA:102,8
DA:104,4
DA:109,4
DA:110,4
DA:111,4
DA:123,4
DA:124,4
DA:125,6
DA:126,3
DA:128,3
DA:134,20
DA:136,12
DA:137,4
DA:138,2
DA:140,2
DA:143,6
DA:147,4
DA:148,8
DA:149,4
DA:150,4
DA:151,4
DA:156,16
DA:157,8
DA:159,8
DA:163,8
DA:164,4
DA:165,4
LF:52
LH:50
end_of_record
SF:lib\src\code_field\span_builder.dart
DA:16,12
DA:22,12
DA:23,12
DA:24,12
DA:25,12
DA:26,12
DA:27,36
DA:28,12
DA:29,12
DA:34,12
DA:44,12
DA:45,24
DA:51,12
DA:54,12
DA:59,36
DA:60,12
DA:62,12
DA:64,12
DA:65,12
DA:66,12
DA:67,12
DA:75,12
DA:76,36
DA:78,60
DA:79,0
DA:83,12
DA:84,36
DA:89,48
DA:90,48
DA:91,2
LF:30
LH:29
end_of_record
SF:lib\src\gutter\gutter.dart
DA:19,11
DA:27,11
DA:29,11
DA:30,11
DA:31,11
DA:35,11
DA:36,22
DA:38,33
DA:39,33
DA:40,22
DA:42,22
DA:44,22
DA:46,11
DA:47,33
DA:49,22
DA:51,11
DA:59,11
DA:61,22
DA:62,11
DA:64,22
DA:65,11
DA:68,11
DA:69,33
DA:70,22
DA:71,11
DA:72,11
DA:74,11
DA:75,11
DA:83,11
DA:84,22
DA:86,33
DA:87,11
DA:93,44
DA:94,44
DA:95,22
DA:96,22
DA:101,11
DA:102,33
DA:103,0
DA:107,0
DA:108,0
DA:111,0
DA:113,0
DA:114,0
DA:119,11
DA:120,22
DA:122,18
DA:123,14
DA:128,14
DA:130,28
DA:131,21
DA:134,0
DA:135,0
DA:141,13
DA:142,4
DA:143,4
DA:147,8
DA:148,6
DA:150,0
DA:155,11
DA:156,44
LF:61
LH:52
end_of_record
SF:lib\src\search\widget\search_widget.dart
DA:13,4
DA:18,4
DA:20,4
DA:21,4
DA:22,8
DA:23,8
DA:24,4
DA:26,4
DA:27,4
DA:29,4
DA:30,4
DA:32,4
DA:33,8
DA:34,8
DA:38,4
DA:40,4
DA:42,8
DA:45,4
DA:46,4
DA:48,0
LF:20
LH:19
end_of_record
SF:lib\src\wip\autocomplete\popup.dart
DA:30,1
DA:42,1
DA:43,1
DA:48,1
DA:50,4
DA:51,1
DA:54,1
DA:56,4
DA:57,1
DA:60,1
DA:62,1
DA:63,1
DA:66,4
DA:67,1
DA:68,4
DA:71,1
DA:72,1
DA:73,1
DA:74,3
DA:76,3
DA:77,0
DA:78,1
DA:89,1
DA:90,1
DA:91,2
DA:92,1
DA:93,3
DA:97,1
DA:100,3
DA:101,3
DA:102,4
DA:103,1
DA:104,1
DA:113,1
DA:115,4
DA:116,4
DA:117,1
DA:118,4
DA:119,3
DA:124,1
DA:125,4
DA:126,4
DA:127,1
DA:128,3
DA:131,1
DA:132,1
DA:133,1
DA:134,1
DA:135,0
DA:136,0
DA:137,0
DA:139,0
DA:140,0
DA:141,0
DA:142,0
DA:144,1
DA:147,1
DA:148,4
DA:149,1
DA:151,1
DA:153,1
DA:154,4
DA:156,2
DA:164,1
DA:165,2
LF:65
LH:57
end_of_record
SF:lib\src\code_field\default_styles.dart
DA:6,33
DA:7,33
LF:2
LH:2
end_of_record
SF:lib\src\code_field\js_workarounds\js_workarounds_stub.dart
DA:1,11
DA:3,0
LF:2
LH:1
end_of_record
SF:lib\src\search\search_navigation_state.dart
DA:5,62
DA:12,3
DA:16,3
DA:17,0
DA:18,1
DA:22,2
DA:23,2
DA:24,0
LF:8
LH:6
end_of_record
SF:lib\src\highlight\node.dart
DA:8,48
DA:12,32
DA:13,96
DA:15,88
DA:16,48
DA:23,32
DA:24,64
DA:26,88
DA:27,48
DA:41,19
DA:42,38
DA:46,57
DA:47,19
DA:48,19
DA:55,26
DA:56,52
DA:57,52
DA:58,96
DA:60,21
DA:61,63
DA:62,21
DA:63,21
DA:64,105
DA:65,42
DA:72,1
DA:73,1
DA:74,5
DA:75,3
DA:76,3
DA:78,1
DA:81,1
DA:82,1
DA:83,3
DA:84,1
DA:85,1
DA:86,2
DA:87,1
DA:90,26
DA:96,26
DA:97,26
DA:98,26
DA:99,26
DA:100,26
DA:105,26
DA:106,156
LF:45
LH:45
end_of_record
SF:lib\src\code_field\text_selection.dart
DA:4,0
DA:6,3
DA:7,3
DA:8,3
DA:9,3
DA:13,11
DA:14,33
DA:17,6
DA:18,11
DA:22,20
LF:10
LH:9
end_of_record
SF:lib\src\util\inclusive_range.dart
DA:6,34
DA:13,3
DA:14,3
DA:15,3
DA:22,2
DA:26,2
DA:29,12
LF:7
LH:7
end_of_record
SF:lib\src\folding\parsers\abstract.dart
DA:37,19
DA:39,38
DA:40,19
DA:46,19
DA:48,38
DA:50,38
DA:51,10
DA:52,5
DA:60,38
DA:61,38
DA:62,19
DA:63,19
DA:70,38
DA:75,26
DA:77,52
DA:78,26
DA:95,27
DA:104,27
DA:105,9
DA:109,18
DA:110,9
DA:120,80
DA:121,78
DA:124,1
DA:128,52
DA:132,26
DA:133,26
DA:134,26
DA:135,9
DA:136,9
DA:139,26
DA:140,17
DA:143,26
DA:144,24
DA:145,24
DA:146,24
DA:151,27
DA:164,27
DA:170,27
DA:171,11
DA:175,20
DA:176,10
DA:186,80
DA:187,78
DA:190,1
DA:194,26
DA:195,26
DA:196,11
DA:197,11
DA:200,26
DA:204,24
DA:209,27
DA:214,27
DA:216,107
DA:217,27
DA:218,27
DA:220,29
DA:221,4
DA:222,2
DA:223,2
DA:224,2
DA:228,54
DA:230,54
DA:231,54
DA:232,54
DA:240,19
DA:250,26
LF:67
LH:67
end_of_record
SF:lib\src\folding\parsers\fallback.dart
DA:23,4
DA:34,2
DA:40,2
DA:46,2
DA:48,2
DA:50,4
DA:54,2
DA:57,2
DA:58,6
DA:59,0
DA:62,6
DA:64,0
DA:70,2
DA:77,4
DA:78,4
DA:80,2
DA:81,6
DA:82,6
DA:83,2
DA:88,2
DA:89,2
DA:90,2
DA:91,2
DA:95,2
DA:96,2
DA:98,4
DA:99,2
DA:100,4
DA:101,2
DA:105,2
DA:108,6
DA:111,2
DA:117,3
DA:118,2
DA:119,2
DA:120,1
DA:122,2
DA:123,2
DA:125,4
DA:126,1
DA:133,2
DA:134,2
DA:135,2
DA:136,3
DA:137,2
DA:139,3
DA:140,7
DA:143,1
DA:146,3
DA:147,2
DA:155,1
DA:156,1
DA:164,2
DA:165,2
DA:166,2
DA:167,2
DA:168,2
DA:169,2
DA:172,2
DA:173,1
DA:177,2
DA:178,2
DA:179,2
DA:180,2
DA:181,2
DA:184,2
DA:185,1
DA:186,1
DA:187,1
DA:190,2
DA:193,2
DA:194,2
DA:195,2
DA:196,2
DA:199,4
DA:202,2
DA:203,2
DA:204,4
DA:208,2
DA:209,2
DA:210,4
DA:214,2
DA:215,2
DA:216,4
DA:220,2
DA:221,2
DA:222,4
DA:226,2
DA:227,2
DA:228,4
DA:232,2
DA:233,2
DA:234,4
DA:239,2
DA:240,2
DA:241,2
DA:243,2
DA:249,2
DA:250,4
DA:253,2
DA:254,4
DA:257,2
DA:258,2
DA:259,2
DA:260,2
DA:263,2
DA:265,2
DA:266,2
DA:267,2
DA:270,2
DA:271,4
LF:111
LH:109
end_of_record
SF:lib\src\folding\parsers\text.dart
DA:10,38
DA:12,22
DA:13,44
DA:18,9
DA:19,9
DA:21,4
DA:27,0
DA:28,0
DA:34,17
DA:35,17
DA:40,4
DA:42,11
DA:43,11
DA:49,0
DA:51,6
DA:52,6
DA:58,38
DA:60,24
DA:61,24
DA:63,26
DA:65,26
DA:66,9
DA:67,9
DA:71,26
DA:72,17
DA:73,34
DA:74,17
DA:78,26
DA:79,0
DA:80,0
DA:84,26
DA:85,11
DA:89,26
DA:90,24
DA:91,24
DA:95,26
DA:96,6
DA:97,6
DA:101,26
DA:104,22
DA:106,22
DA:107,22
DA:108,22
DA:109,22
DA:110,22
DA:111,22
DA:114,72
DA:116,26
DA:117,52
LF:49
LH:44
end_of_record
SF:lib\src\folding\parsers\indent.dart
DA:15,5
DA:21,10
DA:22,5
DA:25,5
DA:26,10
DA:28,10
DA:34,4
DA:35,8
DA:37,8
DA:38,8
DA:41,5
DA:42,10
DA:43,15
DA:44,5
DA:45,20
DA:46,9
DA:51,4
DA:52,12
DA:53,4
DA:55,4
DA:56,12
DA:57,4
DA:58,8
DA:60,4
DA:64,4
DA:65,4
DA:67,4
DA:74,4
DA:75,12
DA:76,4
DA:80,4
DA:82,4
DA:83,8
DA:86,4
DA:87,16
DA:90,4
DA:94,6
DA:95,3
DA:98,8
DA:99,8
DA:103,4
DA:104,8
DA:105,4
DA:119,4
DA:121,5
DA:122,5
DA:127,4
DA:129,4
DA:135,4
DA:140,4
DA:143,5
DA:147,15
DA:148,10
DA:155,4
DA:156,15
DA:157,8
DA:164,5
LF:57
LH:57
end_of_record
SF:lib\src\folding\parsers\java.dart
DA:9,22
DA:15,22
DA:16,1
DA:17,22
DA:18,22
DA:24,66
DA:25,66
LF:7
LH:7
end_of_record
SF:lib\src\folding\parsers\java_fallback.dart
DA:8,1
DA:9,1
DA:10,3
DA:11,1
DA:12,1
LF:5
LH:5
end_of_record
SF:lib\src\folding\parsers\python.dart
DA:12,4
DA:18,4
DA:19,1
DA:20,4
DA:22,4
DA:28,4
DA:29,4
DA:35,8
DA:39,3
DA:43,6
DA:44,3
DA:47,4
DA:53,4
DA:58,12
DA:59,4
DA:75,3
DA:82,3
DA:84,6
DA:85,6
DA:86,6
DA:87,6
DA:91,2
DA:93,2
DA:96,2
DA:98,2
DA:99,4
DA:101,4
DA:102,2
DA:103,1
DA:106,2
DA:107,2
DA:115,2
DA:120,2
DA:125,2
DA:127,2
DA:131,2
DA:137,5
DA:138,1
DA:139,2
DA:140,1
LF:40
LH:40
end_of_record
SF:lib\src\folding\parsers\python_fallback.dart
DA:7,1
DA:8,1
DA:9,3
DA:10,1
LF:4
LH:4
end_of_record
SF:lib\src\gutter\clickable.dart
DA:8,7
DA:13,7
DA:15,7
DA:17,7
DA:19,7
DA:20,7
DA:21,7
LF:7
LH:7
end_of_record
SF:lib\src\gutter\error.dart
DA:19,0
DA:24,0
DA:25,0
DA:32,0
DA:34,0
DA:35,0
DA:36,0
DA:37,0
DA:38,0
DA:41,0
DA:42,0
DA:43,0
DA:46,0
DA:49,0
DA:51,0
DA:52,0
DA:53,0
DA:54,0
DA:55,0
DA:65,0
DA:66,0
DA:67,0
DA:69,0
DA:71,0
DA:73,0
DA:74,0
DA:76,0
DA:77,0
DA:78,0
DA:79,0
DA:80,0
DA:81,0
DA:82,0
DA:83,0
DA:85,0
DA:86,0
DA:87,0
DA:88,0
DA:90,0
DA:92,0
DA:94,0
DA:95,0
DA:101,0
DA:102,0
DA:103,0
DA:104,0
DA:105,0
DA:109,0
DA:112,0
DA:113,0
DA:114,0
DA:116,0
DA:117,0
DA:118,0
DA:119,0
DA:120,0
DA:124,0
DA:125,0
DA:126,0
DA:128,0
LF:60
LH:0
end_of_record
SF:lib\src\gutter\fold_toggle.dart
DA:10,7
DA:16,7
DA:18,7
DA:19,7
DA:20,7
DA:21,7
DA:22,7
DA:24,7
LF:8
LH:8
end_of_record
SF:lib\src\hidden_ranges\line_numbering_breakpoint.dart
DA:14,14
DA:19,22
DA:24,33
DA:29,52
DA:31,52
DA:34,48
DA:40,1
DA:41,2
DA:42,2
DA:45,4
DA:46,2
DA:49,2
DA:56,1
DA:57,2
DA:58,2
DA:61,4
DA:62,2
DA:68,0
DA:69,0
DA:70,0
DA:72,1
DA:73,1
DA:74,1
DA:75,1
DA:76,1
LF:25
LH:22
end_of_record
SF:lib\src\search\match.dart
DA:4,14
DA:12,7
DA:13,7
DA:14,7
DA:15,7
LF:5
LH:5
end_of_record
SF:lib\src\history\limit_stack.dart
DA:5,18
DA:9,18
DA:10,36
DA:12,18
DA:13,36
DA:15,72
DA:16,6
DA:20,18
DA:21,72
DA:24,18
DA:25,36
DA:28,1
DA:29,2
DA:32,18
DA:33,36
DA:36,1
DA:37,2
LF:17
LH:17
end_of_record
SF:lib\src\search\settings.dart
DA:4,70
DA:20,4
DA:25,4
DA:26,4
DA:27,4
DA:28,1
DA:32,4
DA:33,4
DA:34,4
DA:35,4
DA:36,4
LF:11
LH:11
end_of_record
SF:lib\src\search\strategies\plain_case_insensitive.dart
DA:7,3
DA:9,3
DA:10,6
DA:12,3
DA:15,15
DA:16,3
DA:18,3
LF:7
LH:7
end_of_record
SF:lib\src\search\strategies\plain_case_sensitive.dart
DA:7,3
DA:9,3
DA:10,3
DA:13,15
DA:14,3
DA:16,3
LF:6
LH:6
end_of_record
SF:lib\src\search\strategies\regexp.dart
DA:7,1
DA:10,1
DA:11,1
DA:13,1
DA:17,1
DA:18,5
DA:19,5
DA:20,1
DA:21,1
DA:22,1
LF:10
LH:10
end_of_record
SF:lib\src\search\widget\search_navigation_widget.dart
DA:10,4
DA:15,4
DA:17,4
DA:18,4
DA:19,4
DA:20,4
DA:22,4
DA:23,19
DA:24,3
DA:26,6
DA:32,3
DA:34,6
DA:41,4
DA:42,4
DA:43,8
DA:51,4
DA:53,20
DA:54,12
DA:56,4
LF:19
LH:19
end_of_record
SF:lib\src\search\widget\search_settings_widget.dart
DA:11,4
DA:17,4
DA:19,4
DA:20,4
DA:21,4
DA:22,4
DA:23,4
DA:24,4
DA:25,4
DA:27,4
DA:29,4
DA:43,4
DA:44,8
DA:49,4
DA:50,0
DA:53,0
DA:55,0
DA:56,0
DA:58,0
DA:59,0
DA:63,4
DA:64,12
DA:65,12
LF:23
LH:17
end_of_record
SF:lib\src\search\widget\focus_rediretor.dart
DA:12,4
DA:18,4
DA:20,4
DA:25,8
DA:26,4
LF:5
LH:5
end_of_record
SF:lib\src\single_line_comments\parser\abstract_single_line_comment_parser.dart
DA:6,0
DA:7,0
DA:9,31
DA:10,31
DA:11,49
DA:12,54
LF:6
LH:4
end_of_record
SF:lib\src\single_line_comments\parser\highlight_single_line_comment_parser.dart
DA:15,32
DA:20,32
DA:23,32
DA:27,128
DA:28,64
DA:29,66
DA:31,22
DA:32,42
DA:33,21
DA:37,21
DA:44,64
DA:45,64
DA:49,22
DA:50,44
DA:51,22
LF:15
LH:15
end_of_record
SF:lib\src\single_line_comments\parser\text_single_line_comment_parser.dart
DA:13,8
DA:17,8
DA:20,8
DA:21,16
DA:25,16
DA:26,8
DA:29,10
DA:30,5
DA:31,5
DA:33,5
DA:34,5
DA:40,8
DA:41,24
DA:45,8
DA:46,8
DA:48,15
DA:49,7
DA:51,14
DA:52,5
DA:56,8
LF:20
LH:20
end_of_record
